<?xml version="1.0" encoding="UTF-8"?>
<testng-results skipped="0" failed="0" ignored="0" total="3" passed="3">
  <reporter-output>
  </reporter-output>
  <suite name="Default suite" duration-ms="3056" started-at="2020-08-13T20:49:37 IST" finished-at="2020-08-13T20:49:40 IST">
    <groups>
    </groups>
    <test name="Default test" duration-ms="3056" started-at="2020-08-13T20:49:37 IST" finished-at="2020-08-13T20:49:40 IST">
      <class name="DynamicJson">
        <test-method status="PASS" signature="addBook(java.lang.String, java.lang.String)[pri:0, instance:DynamicJson@9a7504c]" name="addBook" duration-ms="2684" started-at="2020-08-13T20:49:37 IST" data-provider="addbook" finished-at="2020-08-13T20:49:40 IST">
          <params>
            <param index="0">
              <value>
                <![CDATA[nik]]>
              </value>
            </param>
            <param index="1">
              <value>
                <![CDATA[123]]>
              </value>
            </param>
          </params>
          <reporter-output>
          </reporter-output>
        </test-method> <!-- addBook -->
        <test-method status="PASS" signature="addBook(java.lang.String, java.lang.String)[pri:0, instance:DynamicJson@9a7504c]" name="addBook" duration-ms="167" started-at="2020-08-13T20:49:40 IST" data-provider="addbook" finished-at="2020-08-13T20:49:40 IST">
          <params>
            <param index="0">
              <value>
                <![CDATA[ajy]]>
              </value>
            </param>
            <param index="1">
              <value>
                <![CDATA[456]]>
              </value>
            </param>
          </params>
          <reporter-output>
          </reporter-output>
        </test-method> <!-- addBook -->
        <test-method status="PASS" signature="addBook(java.lang.String, java.lang.String)[pri:0, instance:DynamicJson@9a7504c]" name="addBook" duration-ms="155" started-at="2020-08-13T20:49:40 IST" data-provider="addbook" finished-at="2020-08-13T20:49:40 IST">
          <params>
            <param index="0">
              <value>
                <![CDATA[pkl]]>
              </value>
            </param>
            <param index="1">
              <value>
                <![CDATA[789]]>
              </value>
            </param>
          </params>
          <reporter-output>
          </reporter-output>
        </test-method> <!-- addBook -->
      </class> <!-- DynamicJson -->
    </test> <!-- Default test -->
  </suite> <!-- Default suite -->
</testng-results>
